2018-05-30 11:23:47,271 WARN b.i.dossier [main] FBI téléphones ([0240329835, 0679525143]) n'a aucun numéros concordants pour BC006913 - LEDUC Erwan: [0652208906]
2018-05-30 11:23:47,273 WARN b.i.dossier [main] FBI eMail (yann.legay@orange.fr) non concordant pour BC010766 - LEGUAY Clément: yann.leguay@orange.fr
2018-05-30 11:23:47,273 WARN b.i.dossier [main] FBI eMail (nathalie.grolier@free.fr) non concordant pour BC016446 - GROLLIER Victor: nathalie.grollier@free.fr
2018-05-30 11:23:47,274 WARN b.i.dossier [main] FBI eMail (leroux.christi@gmail.com) non concordant pour BC017623 - LE ROUX Léna: leroux.lena08@gmail.com
2018-05-30 11:23:47,274 WARN b.i.dossier [main] FBI eMail (je.desprez@hotmail.fr) non concordant pour BC018571 - DESPREZ Emma: desprez.jc@gmail.com
2018-05-30 11:23:47,274 WARN b.i.dossier [main] FBI téléphones ([0648749999]) n'a aucun numéros concordants pour BC020963 - BOUCHET Hélène: [0640943725]
2018-05-30 11:23:47,275 WARN b.i.dossier [main] FBI téléphones ([0240056923, 0641751111]) n'a aucun numéros concordants pour BC023959 - BODIOT Solenn: [0770548470]
2018-05-30 11:23:47,275 WARN b.i.dossier [main] FBI eMail (eric.lambert@dcnsgroup.com) non concordant pour BC029533 - LAMBERT Clara: clara.lambert090602@gmail.com ou eric.lambert@naval-group.com,lambert-eric3@bbox.fr
2018-05-30 11:23:47,276 WARN b.i.dossier [main] FBI eMail (veron.regis@orange.fr) non concordant pour BC037711 - VERON Tom: nancy1970veron@gmail.com
2018-05-30 11:23:47,276 WARN b.i.dossier [main] FBI eMail (verron.regis@orange.fr) non concordant pour BC037830 - VERON Lilou: nancy1970veron@gmail.com
2018-05-30 11:23:47,276 WARN b.i.dossier [main] FBI téléphones ([0299905864, 0660831617]) n'a aucun numéros concordants pour BC040471 - BOQUET Julien: [0672693357]
2018-05-30 11:23:47,277 WARN b.i.dossier [main] FBI eMail (muriel.maisonneuve@free.fr) non concordant pour BC040963 - GUIHAL Clément: mumu44640@gmail.com
2018-05-30 11:23:47,277 WARN b.i.dossier [main] Pas de licencié trouvé pour BC041268 - LE DEON Armand
2018-05-30 11:23:47,277 WARN b.i.dossier [main] FBI téléphones ([0240048920, 0687812984]) n'a aucun numéros concordants pour BC044818 - ARCHAMBAUD Théo: [0679477323]
2018-05-30 11:23:47,278 WARN b.i.dossier [main] FBI eMail (corinne.morisson@live.fr) non concordant pour BC050121 - MORISSON Noah: coco.morisson@hotmail.fr
2018-05-30 11:23:47,279 WARN b.i.dossier [main] FBI eMail (sophie.isabelle@free.fr) non concordant pour BC050855 - FILOCHE Lucie: sophiebeynac@gmail.com
2018-05-30 11:23:47,279 WARN b.i.dossier [main] FBI téléphones ([0251820975, 0617431994]) n'a aucun numéros concordants pour BC0510485 - DAGOBERT-PENSEC Kyliann: [0619695118]
2018-05-30 11:23:47,280 WARN b.i.dossier [main] FBI téléphones ([0240862138, 0781119122]) n'a aucun numéros concordants pour BC053128 - CORMON Océane: [0603834248]
2018-05-30 11:23:47,281 WARN b.i.dossier [main] FBI eMail (kouot@netcourrier.com) non concordant pour BC060337 - HUBER Antonin: kgouot@netcourrier.com
2018-05-30 11:23:47,282 WARN b.i.dossier [main] FBI eMail (kathia.melane@wanado.fr) non concordant pour BC068073 - LE BRETONNIC Isaac: kathia.melane@wanadoo.fr
2018-05-30 11:23:47,282 WARN b.i.dossier [main] FBI eMail (olicat91@gmail.com) non concordant pour BC069544 - LO PICCOLO Corentin: oli44640@gmail.com
2018-05-30 11:23:47,283 WARN b.i.dossier [main] FBI eMail (florentamelie@yahoo.fr) non concordant pour BC070109 - RAULT Julien: florentamelie@outlook.fr
2018-05-30 11:23:47,285 WARN b.i.dossier [main] FBI téléphones ([0240056923, 0641751111]) n'a aucun numéros concordants pour BC080730 - BODIOT--KERMORVANT Paul: [0770548470]
2018-05-30 11:23:47,286 WARN b.i.dossier [main] FBI eMail (cmallard@hotmail.fr) non concordant pour BC085758 - ROBINEAU Nathan: crobineau44@gmail.com
2018-05-30 11:23:47,286 WARN b.i.dossier [main] FBI téléphones ([0695555914]) n'a aucun numéros concordants pour BC085758 - ROBINEAU Nathan: [0616222317]
2018-05-30 11:23:47,286 WARN b.i.dossier [main] FBI téléphones ([0240657063, 0679226810, 0619195763]) n'a aucun numéros concordants pour BC087346 - GENTRIC Luna: [0629685464]
2018-05-30 11:23:47,287 WARN b.i.dossier [main] FBI eMail (nicolas-bouilly@neuf.fr) non concordant pour BC090329 - BOUILLY-RIOLAND Hugo: nicolas.bouilly@neuf.fr
2018-05-30 11:23:47,287 WARN b.i.dossier [main] FBI eMail (kgouot@netcourier.com) non concordant pour BC090836 - HUBER Timoté: kgouot@netcourrier.com
2018-05-30 11:23:47,288 WARN b.i.dossier [main] FBI téléphones ([0228213745, 0677020494]) n'a aucun numéros concordants pour BC092026 - BRICAUD Timéo: [0615960569]
2018-05-30 11:23:47,288 WARN b.i.dossier [main] FBI eMail (seyf.tek@laposte.net) non concordant pour BC095628 - TEKIN Lali: sabrinaletexier@gmail.com
2018-05-30 11:23:47,289 WARN b.i.dossier [main] FBI eMail (yoann.lecof@laposte.net) non concordant pour BC105526 - LE CORF Millie: yoann.lecorf@laposte.net
2018-05-30 11:23:47,290 WARN b.i.dossier [main] FBI téléphones ([0240138087, 0644178989, 0640702885]) n'a aucun numéros concordants pour BC114088 - DUVAL Maël: [0647603673]
2018-05-30 11:23:47,290 WARN b.i.dossier [main] FBI eMail (sgf.m@orange.fr) non concordant pour BC115747 - MARSAC Célian: getsan@live.fr
2018-05-30 11:23:47,290 WARN b.i.dossier [main] FBI eMail (eveno.karine@gmaim.com) non concordant pour BC115749 - MERCIER Lucas: eveno.karine@gmail.com
2018-05-30 11:23:47,290 WARN b.i.dossier [main] FBI eMail (guittou44@live.fr) non concordant pour BC116011 - OLIVON Noah: guitou44@live.fr
2018-05-30 11:23:47,291 WARN b.i.dossier [main] FBI eMail (sarah.mberri@hotmail.fr) non concordant pour BC117688 - PLASSAIS Safia: nicolasplassais44@gmail.com
2018-05-30 11:23:47,291 WARN b.i.dossier [main] FBI téléphones ([0240323660, 0607539532]) n'a aucun numéros concordants pour BC120972 - BRIEND Paulin: [0607539932]
2018-05-30 11:23:47,292 WARN b.i.dossier [main] FBI téléphones ([]) n'a aucun numéros concordants pour BC127683 - GILBERT Zoé: [0689105550]
2018-05-30 11:23:47,292 WARN b.i.dossier [main] FBI téléphones ([0240658881]) n'a aucun numéros concordants pour VT470512 - BONDON Jean-Marc: [0781616367]
2018-05-30 11:23:47,292 WARN b.i.dossier [main] Pas de licencié trouvé pour VT502392 - BONHOMME Jean Marie
2018-05-30 11:23:47,293 WARN b.i.dossier [main] Pas de licencié trouvé pour VT670284 - ROUSSEAU Jean Luc
2018-05-30 11:23:47,293 WARN b.i.dossier [main] FBI eMail (chantalo5@yahoo.fr) non concordant pour VT692363 - DOFONNOU Chantal: chanta605@gmail.com
2018-05-30 11:23:47,293 WARN b.i.dossier [main] FBI eMail (veron.regis@orange.fr) non concordant pour VT705653 - VERON Nancy: nancy1970veron@gmail.com
2018-05-30 11:23:47,294 WARN b.i.dossier [main] FBI téléphones ([0240056729]) n'a aucun numéros concordants pour VT714824 - JAUNIN Chrystèle: [0658917955]
2018-05-30 11:23:47,294 WARN b.i.dossier [main] FBI téléphones ([]) n'a aucun numéros concordants pour VT723443 - LAROCHE Patrice: [0660578039]
2018-05-30 11:23:47,294 WARN b.i.dossier [main] FBI téléphones ([0240056729]) n'a aucun numéros concordants pour VT732625 - JAUNIN Benoit: [0689882650]
2018-05-30 11:23:47,295 WARN b.i.dossier [main] FBI téléphones ([0954245384]) n'a aucun numéros concordants pour VT770006 - CHEVANCE Benoit: [0618830853]
2018-05-30 11:23:47,295 WARN b.i.dossier [main] FBI eMail (rioul.david@hotmail.fr) non concordant pour VT774600 - RIOUL David: rioul_david@hotmail.fr
2018-05-30 11:23:47,296 WARN b.i.dossier [main] FBI eMail (florentamelie@hahoo.fr) non concordant pour VT785757 - RAULT Amélie: florentamelie@outlook.fr
2018-05-30 11:23:47,297 WARN b.i.dossier [main] FBI téléphones ([0619430348]) n'a aucun numéros concordants pour VT801172 - ROLLANDO David: []
2018-05-30 11:23:47,297 WARN b.i.dossier [main] FBI eMail (tony.salbilbert@gmail.com) non concordant pour VT804752 - GILBERT Anthony: tony.sabgilbert@gmail.com
2018-05-30 11:23:47,297 WARN b.i.dossier [main] FBI téléphones ([0650308629]) n'a aucun numéros concordants pour VT804752 - GILBERT Anthony: [0650302629]
2018-05-30 11:23:47,297 WARN b.i.dossier [main] Pas de licencié trouvé pour VT814541 - ROBINEAU Caroline
2018-05-30 11:23:47,298 WARN b.i.dossier [main] FBI téléphones ([0610229961]) n'a aucun numéros concordants pour VT829561 - SAVARIEAU Céline: [0610225961]
2018-05-30 11:23:47,298 WARN b.i.dossier [main] FBI eMail (bcbl.secretariat@yahoo.com) non concordant pour VT840079 - BODINEAU Denis: ladenise44@hotmail.fr
2018-05-30 11:23:47,298 WARN b.i.dossier [main] FBI eMail (yoan.lecorf@laposte.net) non concordant pour VT845820 - LE CORF Yoann: yoann.lecorf@laposte.net
2018-05-30 11:23:47,299 WARN b.i.dossier [main] Pas de licencié trouvé pour VT850791 - CORNELIS Cécile
2018-05-30 11:23:47,299 WARN b.i.dossier [main] FBI eMail (lauregervais@voila.fr) non concordant pour VT851630 - GERVAIS Laure: laure.gervais@outlook.com
2018-05-30 11:23:47,299 WARN b.i.dossier [main] FBI eMail (monet@orange.fr) non concordant pour VT872465 - MONNET Romain: monet.rm@gmail.com
2018-05-30 11:23:47,300 WARN b.i.dossier [main] FBI eMail (erwan.gendek@laposte.fr) non concordant pour VT920281 - GENDEK Erwan: erwan.gendek@laposte.net
2018-05-30 11:23:47,300 WARN b.i.dossier [main] FBI téléphones ([]) n'a aucun numéros concordants pour VT940218 - BODINEAU Sophie: []
2018-05-30 11:23:47,300 WARN b.i.dossier [main] FBI eMail (Baujard.Lnc@wanadoo.fr) non concordant pour VT950385 - BAUJARD Nathan: baujard.lnc@orange.fr
2018-05-30 11:23:47,301 WARN b.i.dossier [main] FBI téléphones ([0240046065, 0647315755]) n'a aucun numéros concordants pour VT950385 - BAUJARD Nathan: [0674866295]
2018-05-30 11:23:47,301 WARN b.i.dossier [main] FBI eMail (chanta605@gmail.com) non concordant pour VT954273 - DOFONNOU Thania: t.dofonnou@hotmail.fr
2018-05-30 11:23:47,301 WARN b.i.dossier [main] FBI eMail (pascalmorand1576@neuf.fr) non concordant pour VT961758 - MORAND Matthieu: matthieu.morand96@gmail.com
2018-05-30 11:23:47,301 WARN b.i.dossier [main] FBI eMail (nicolas.sauvage@live.fr) non concordant pour VT966544 - SAUVAGE Nicolas: nico.sauvage@live.fr
2018-05-30 11:23:47,301 WARN b.i.dossier [main] FBI eMail (sylvie.yo@free.fr) non concordant pour VT987043 - LE PECH Yoann: sylvie.ya@free.fr
2018-05-30 11:23:47,302 WARN b.i.dossier [main] FBI eMail (serge.cormerais@orange.fr) non concordant pour VT990216 - CORMERAIS Joanne: cormeraisjoanne@icloud.com
2018-05-30 11:23:47,302 WARN b.i.dossier [main] FBI eMail (antenne@amiretz.fr) non concordant pour VT990353 - BOQUET Antoine: Ludovic.boquet@amiretz.fr
2018-05-30 11:23:47,302 WARN b.i.dossier [main] FBI téléphones ([0240046825, 0681324011]) n'a aucun numéros concordants pour VT996587 - BEAULIEU Aléna: [0685348587]
2018-05-30 11:23:47,302 WARN b.i.dossier [main] FBI téléphones ([0240657288, 0676421570]) n'a aucun numéros concordants pour VT996801 - LIEVRE Clara: [0684924603]
2018-05-30 11:23:47,315 INFO b.i.dossier [main] 1 - Debut Traitement Licencié: VT990062 - JAUNIN Chloé
2018-05-30 11:23:47,316 INFO b.i.dossier [main] Genération Imprimé BCBL pour VT990062 - JAUNIN Chloé
2018-05-30 11:23:49,912 INFO b.i.dossier [main] Genération Imprimé FFBB pour VT990062 - JAUNIN Chloé
2018-05-30 11:23:51,414 INFO b.i.dossier [main] Envoi mail pour VT990062 - JAUNIN Chloé: chloe.jaunin@yahoo.fr
2018-05-30 11:25:17,191 INFO b.i.dossier [main] 1 - Fin Traitement Licencié: VT990062 - JAUNIN Chloé
2018-05-30 11:25:25,580 INFO b.i.dossier [main] 1 - Debut Traitement Licencié: VT990186 - GRIFFON Salomé
2018-05-30 11:25:25,582 INFO b.i.dossier [main] Genération Imprimé BCBL pour VT990186 - GRIFFON Salomé
2018-05-30 11:25:27,972 INFO b.i.dossier [main] Genération Imprimé FFBB pour VT990186 - GRIFFON Salomé
2018-05-30 11:25:28,964 INFO b.i.dossier [main] Envoi mail pour VT990186 - GRIFFON Salomé: salome.griffon@gmail.com
2018-05-30 11:27:39,060 INFO b.i.dossier [main] 1 - Fin Traitement Licencié: VT990186 - GRIFFON Salomé
2018-05-30 11:27:50,098 INFO b.i.dossier [main] 1 - Debut Traitement Licencié: VT990216 - CORMERAIS Joanne
2018-05-30 11:27:50,100 INFO b.i.dossier [main] Genération Imprimé BCBL pour VT990216 - CORMERAIS Joanne
2018-05-30 11:27:52,677 INFO b.i.dossier [main] Genération Imprimé FFBB pour VT990216 - CORMERAIS Joanne
2018-05-30 11:27:53,865 INFO b.i.dossier [main] Envoi mail pour VT990216 - CORMERAIS Joanne: cormeraisjoanne@icloud.com
2018-05-30 11:30:02,825 INFO b.i.dossier [main] 1 - Fin Traitement Licencié: VT990216 - CORMERAIS Joanne
2018-05-30 11:30:44,639 INFO b.i.dossier [main] 1 - Debut Traitement Licencié: VT990353 - BOQUET Antoine
2018-05-30 11:30:44,641 INFO b.i.dossier [main] Genération Imprimé BCBL pour VT990353 - BOQUET Antoine
2018-05-30 11:30:47,066 INFO b.i.dossier [main] Genération Imprimé FFBB pour VT990353 - BOQUET Antoine
2018-05-30 11:30:48,102 INFO b.i.dossier [main] Envoi mail pour VT990353 - BOQUET Antoine: Ludovic.boquet@amiretz.fr
2018-05-30 11:33:00,027 INFO b.i.dossier [main] 1 - Fin Traitement Licencié: VT990353 - BOQUET Antoine
2018-05-30 11:33:32,864 INFO b.i.dossier [main] 1 - Debut Traitement Licencié: VT996587 - BEAULIEU Aléna
2018-05-30 11:33:32,868 INFO b.i.dossier [main] Genération Imprimé BCBL pour VT996587 - BEAULIEU Aléna
2018-05-30 11:33:35,344 INFO b.i.dossier [main] Genération Imprimé FFBB pour VT996587 - BEAULIEU Aléna
2018-05-30 11:33:36,579 INFO b.i.dossier [main] Envoi mail pour VT996587 - BEAULIEU Aléna: surchaud25@free.fr
2018-05-30 11:34:36,924 INFO b.i.dossier [main] 1 - Fin Traitement Licencié: VT996587 - BEAULIEU Aléna
2018-05-30 11:34:53,651 INFO b.i.dossier [main] 1 - Debut Traitement Licencié: VT996687 - MOLINA Zoé
2018-05-30 11:34:53,654 INFO b.i.dossier [main] Genération Imprimé BCBL pour VT996687 - MOLINA Zoé
2018-05-30 11:34:56,056 INFO b.i.dossier [main] Genération Imprimé FFBB pour VT996687 - MOLINA Zoé
2018-05-30 11:34:57,251 INFO b.i.dossier [main] Envoi mail pour VT996687 - MOLINA Zoé: zoemolina3@gmail.com
2018-05-30 11:35:57,238 INFO b.i.dossier [main] 1 - Fin Traitement Licencié: VT996687 - MOLINA Zoé
2018-05-30 11:37:33,509 INFO b.i.dossier [main] 1 - Debut Traitement Licencié: VT996801 - LIEVRE Clara
2018-05-30 11:37:33,511 INFO b.i.dossier [main] Genération Imprimé BCBL pour VT996801 - LIEVRE Clara
2018-05-30 11:37:35,992 INFO b.i.dossier [main] Genération Imprimé FFBB pour VT996801 - LIEVRE Clara
2018-05-30 11:37:37,010 INFO b.i.dossier [main] Envoi mail pour VT996801 - LIEVRE Clara: lievrec@orange.fr
2018-05-30 11:38:37,309 INFO b.i.dossier [main] 1 - Fin Traitement Licencié: VT996801 - LIEVRE Clara
2018-05-30 11:39:38,780 INFO b.i.dossier [main] 1 - Debut Traitement Licencié: VT996939 - DOFONNOU Coraly
2018-05-30 11:39:38,782 INFO b.i.dossier [main] Genération Imprimé BCBL pour VT996939 - DOFONNOU Coraly
2018-05-30 11:39:41,246 INFO b.i.dossier [main] Genération Imprimé FFBB pour VT996939 - DOFONNOU Coraly
2018-05-30 11:39:42,295 INFO b.i.dossier [main] Envoi mail pour VT996939 - DOFONNOU Coraly: chanta605@gmail.com
2018-05-30 11:40:42,578 INFO b.i.dossier [main] 1 - Fin Traitement Licencié: VT996939 - DOFONNOU Coraly
2018-05-30 12:07:24,419 INFO b.i.dossier [main] 1 - Debut Traitement Licencié: VT505492 - BONHOMME Jean Marie
2018-05-30 12:07:24,420 INFO b.i.dossier [main] Genération Imprimé BCBL pour VT505492 - BONHOMME Jean Marie
2018-05-30 12:07:26,866 INFO b.i.dossier [main] Genération Imprimé FFBB pour VT505492 - BONHOMME Jean Marie
2018-05-30 12:07:27,913 INFO b.i.dossier [main] Envoi mail pour VT505492 - BONHOMME Jean Marie: jm-bonhomme@orange.fr
2018-05-30 12:10:03,789 INFO b.i.dossier [main] 1 - Fin Traitement Licencié: VT505492 - BONHOMME Jean Marie
2018-05-30 12:10:26,285 INFO b.i.dossier [main] 1 - Debut Traitement Licencié: VT675770 - ROUSSEAU Jean Luc
2018-05-30 12:10:26,287 INFO b.i.dossier [main] Genération Imprimé BCBL pour VT675770 - ROUSSEAU Jean Luc
2018-05-30 12:10:28,887 INFO b.i.dossier [main] Genération Imprimé FFBB pour VT675770 - ROUSSEAU Jean Luc
2018-05-30 12:10:30,020 INFO b.i.dossier [main] Envoi mail pour VT675770 - ROUSSEAU Jean Luc: jeanlucrousseau@free.fr
2018-05-30 12:12:09,601 INFO b.i.dossier [main] 1 - Fin Traitement Licencié: VT675770 - ROUSSEAU Jean Luc
